g-0-12
Mon Apr  1 02:04:30 AM CST 2024
Imagen  17
First valPSNR [24.339871742215603, 29.129840571654256, 29.712759107004196, 29.723927438700912, 29.705519580633197]
valMax 29.723927438700912 pos 4
[24.339871742215603, 29.129840571654256, 29.712759107004196, 29.723927438700912, 29.705519580633197]
29.723927438700912
4
[19.41062634640935, 22.784878676422192, 22.438359912996624, 22.502972803314208, 22.62662433371496]
22.784878676422192
2
[19.29720992709669, 22.591856247961974, 23.0783008480103, 23.0296277355695, 22.97406305379387]
23.0783008480103
3
shape 19 32 3
shape 382 254 3
shape 382 254 3
shape 382 254 3
shape 382 254 3
shape 382 254 3
shape 382 254 3
[(316, 22), (353, 210), (85, 4)]
(316, 22) (303, -27)
(316, 22) (309, -28)
(316, 22) (300, -26)
(316, 22) (355, 53)
(316, 22) (364, 34)
(316, 22) (351, -14)
(316, 22) (365, 12)
(316, 22) (366, 22)
(316, 22) (366, 22)
(316, 22) (365, 17)
(316, 22) (365, 17)
(316, 22) (365, 12)
(316, 22) (363, 6)
(316, 22) (366, 22)
(316, 22) (365, 14)
(316, 22) (360, -1)
(316, 22) (360, -1)
(316, 22) (359, -3)
(353, 210) (303, 210)
(353, 210) (303, 202)
(353, 210) (303, 200)
(353, 210) (403, 210)
(353, 210) (394, 237)
(353, 210) (397, 232)
(353, 210) (400, 194)
(353, 210) (400, 225)
(353, 210) (402, 215)
(353, 210) (401, 196)
(353, 210) (398, 190)
(353, 210) (402, 202)
(353, 210) (368, 162)
(353, 210) (353, 160)
(353, 210) (353, 160)
(353, 210) (388, 174)
(353, 210) (397, 187)
(353, 210) (380, 168)
(85, 4) (85, -46)
(85, 4) (49, -32)
(85, 4) (135, 4)
(85, 4) (135, 4)
(85, 4) (130, 24)
(85, 4) (132, -12)
(85, 4) (49, -32)
(85, 4) (72, -45)
(85, 4) (85, -46)
(85, 4) (129, 26)
(85, 4) (135, 4)
(85, 4) (85, 4)
(85, 4) (135, 4)
(85, 4) (129, -19)
(85, 4) (135, 4)
(85, 4) (135, 4)
(85, 4) (120, -32)
(85, 4) (135, 4)
[24.339871742215603, 29.129840571654256, 29.712759107004196, 29.723927438700912, 29.705519580633197]
29.723927438700912
4
kodim1  &  0.3141  &  0.9111  &  0.3980  &  0.3583  &  0.3181  &  0.2750  \\
kodim2  &  0.3141  &  0.9111  &  0.3980  &  0.3583  &  0.3181  &  0.2750  \\
Mon Apr  1 02:04:46 AM CST 2024
